# JRE version: OpenJDK Runtime Environment (8.0_111-b16) (build 1.8.0_111-b16)
# Java VM: OpenJDK 64-Bit Server VM (25.111-b16 mixed mode linux-amd64 compressed oops)
Heap:
 PSYoungGen      total 33792K, used 14119K [0x00000000ee100000, 0x00000000f0b80000, 0x0000000100000000)
  eden space 28160K, 30% used [0x00000000ee100000,0x00000000ee951418,0x00000000efc80000)
  from space 5632K, 99% used [0x00000000efd00000,0x00000000f0278b10,0x00000000f0280000)
  to   space 7680K, 0% used [0x00000000f0400000,0x00000000f0400000,0x00000000f0b80000)
 ParOldGen       total 36864K, used 11625K [0x00000000ca200000, 0x00000000cc600000, 0x00000000ee100000)
  object space 36864K, 31% used [0x00000000ca200000,0x00000000cad5a548,0x00000000cc600000)
 Metaspace       used 20470K, capacity 20838K, committed 20992K, reserved 1067008K
  class space    used 2353K, capacity 2509K, committed 2560K, reserved 1048576K
GC Heap History (10 events):
Event: 4.177 GC heap before
{Heap before GC invocations=3 (full 0):
 PSYoungGen      total 16384K, used 16372K [0x00000000ee100000, 0x00000000ef300000, 0x0000000100000000)
  eden space 14336K, 100% used [0x00000000ee100000,0x00000000eef00000,0x00000000eef00000)
  from space 2048K, 99% used [0x00000000ef100000,0x00000000ef2fd1d8,0x00000000ef300000)
  to   space 2048K, 0% used [0x00000000eef00000,0x00000000eef00000,0x00000000ef100000)
 ParOldGen       total 36864K, used 1865K [0x00000000ca200000, 0x00000000cc600000, 0x00000000ee100000)
  object space 36864K, 5% used [0x00000000ca200000,0x00000000ca3d2708,0x00000000cc600000)
 Metaspace       used 10032K, capacity 10194K, committed 10240K, reserved 1058816K
  class space    used 1171K, capacity 1251K, committed 1280K, reserved 1048576K
Event: 4.183 GC heap after
Heap after GC invocations=3 (full 0):
 PSYoungGen      total 16384K, used 2016K [0x00000000ee100000, 0x00000000ef300000, 0x0000000100000000)
  eden space 14336K, 0% used [0x00000000ee100000,0x00000000ee100000,0x00000000eef00000)
  from space 2048K, 98% used [0x00000000eef00000,0x00000000ef0f8020,0x00000000ef100000)
  to   space 2048K, 0% used [0x00000000ef100000,0x00000000ef100000,0x00000000ef300000)
 ParOldGen       total 36864K, used 4004K [0x00000000ca200000, 0x00000000cc600000, 0x00000000ee100000)
  object space 36864K, 10% used [0x00000000ca200000,0x00000000ca5e9188,0x00000000cc600000)
 Metaspace       used 10032K, capacity 10194K, committed 10240K, reserved 1058816K
  class space    used 1171K, capacity 1251K, committed 1280K, reserved 1048576K
}
Event: 4.516 GC heap before
{Heap before GC invocations=4 (full 0):
 PSYoungGen      total 16384K, used 16352K [0x00000000ee100000, 0x00000000ef300000, 0x0000000100000000)
  eden space 14336K, 100% used [0x00000000ee100000,0x00000000eef00000,0x00000000eef00000)
  from space 2048K, 98% used [0x00000000eef00000,0x00000000ef0f8020,0x00000000ef100000)
  to   space 2048K, 0% used [0x00000000ef100000,0x00000000ef100000,0x00000000ef300000)
 ParOldGen       total 36864K, used 4004K [0x00000000ca200000, 0x00000000cc600000, 0x00000000ee100000)
  object space 36864K, 10% used [0x00000000ca200000,0x00000000ca5e9188,0x00000000cc600000)
 Metaspace       used 12098K, capacity 12284K, committed 12416K, reserved 1060864K
  class space    used 1441K, capacity 1540K, committed 1664K, reserved 1048576K
Event: 4.530 GC heap after
Heap after GC invocations=4 (full 0):
 PSYoungGen      total 16384K, used 2032K [0x00000000ee100000, 0x00000000f0100000, 0x0000000100000000)
  eden space 14336K, 0% used [0x00000000ee100000,0x00000000ee100000,0x00000000eef00000)
  from space 2048K, 99% used [0x00000000ef100000,0x00000000ef2fc010,0x00000000ef300000)
  to   space 2048K, 0% used [0x00000000eef00000,0x00000000eef00000,0x00000000ef100000)
 ParOldGen       total 36864K, used 6746K [0x00000000ca200000, 0x00000000cc600000, 0x00000000ee100000)
  object space 36864K, 18% used [0x00000000ca200000,0x00000000ca896978,0x00000000cc600000)
 Metaspace       used 12098K, capacity 12284K, committed 12416K, reserved 1060864K
  class space    used 1441K, capacity 1540K, committed 1664K, reserved 1048576K
}
Event: 6.039 GC heap before
{Heap before GC invocations=5 (full 0):
 PSYoungGen      total 16384K, used 16368K [0x00000000ee100000, 0x00000000f0100000, 0x0000000100000000)
  eden space 14336K, 100% used [0x00000000ee100000,0x00000000eef00000,0x00000000eef00000)
  from space 2048K, 99% used [0x00000000ef100000,0x00000000ef2fc010,0x00000000ef300000)
  to   space 2048K, 0% used [0x00000000eef00000,0x00000000eef00000,0x00000000ef100000)
 ParOldGen       total 36864K, used 6746K [0x00000000ca200000, 0x00000000cc600000, 0x00000000ee100000)
  object space 36864K, 18% used [0x00000000ca200000,0x00000000ca896978,0x00000000cc600000)
 Metaspace       used 14560K, capacity 14782K, committed 14976K, reserved 1062912K
  class space    used 1704K, capacity 1807K, committed 1920K, reserved 1048576K
Event: 6.053 GC heap after
Heap after GC invocations=5 (full 0):
 PSYoungGen      total 16384K, used 2016K [0x00000000ee100000, 0x00000000f0800000, 0x0000000100000000)
  eden space 14336K, 0% used [0x00000000ee100000,0x00000000ee100000,0x00000000eef00000)
  from space 2048K, 98% used [0x00000000eef00000,0x00000000ef0f8020,0x00000000ef100000)
  to   space 5632K, 0% used [0x00000000f0280000,0x00000000f0280000,0x00000000f0800000)
 ParOldGen       total 36864K, used 9189K [0x00000000ca200000, 0x00000000cc600000, 0x00000000ee100000)
  object space 36864K, 24% used [0x00000000ca200000,0x00000000caaf9490,0x00000000cc600000)
 Metaspace       used 14560K, capacity 14782K, committed 14976K, reserved 1062912K
  class space    used 1704K, capacity 1807K, committed 1920K, reserved 1048576K
}
Event: 7.725 GC heap before
{Heap before GC invocations=6 (full 0):
 PSYoungGen      total 16384K, used 16352K [0x00000000ee100000, 0x00000000f0800000, 0x0000000100000000)
  eden space 14336K, 100% used [0x00000000ee100000,0x00000000eef00000,0x00000000eef00000)
  from space 2048K, 98% used [0x00000000eef00000,0x00000000ef0f8020,0x00000000ef100000)
  to   space 5632K, 0% used [0x00000000f0280000,0x00000000f0280000,0x00000000f0800000)
 ParOldGen       total 36864K, used 9189K [0x00000000ca200000, 0x00000000cc600000, 0x00000000ee100000)
  object space 36864K, 24% used [0x00000000ca200000,0x00000000caaf9490,0x00000000cc600000)
 Metaspace       used 15174K, capacity 15350K, committed 15488K, reserved 1062912K
  class space    used 1763K, capacity 1843K, committed 1920K, reserved 1048576K
Event: 7.735 GC heap after
Heap after GC invocations=6 (full 0):
 PSYoungGen      total 34304K, used 3730K [0x00000000ee100000, 0x00000000f0800000, 0x0000000100000000)
  eden space 28672K, 0% used [0x00000000ee100000,0x00000000ee100000,0x00000000efd00000)
  from space 5632K, 66% used [0x00000000f0280000,0x00000000f0624988,0x00000000f0800000)
  to   space 5632K, 0% used [0x00000000efd00000,0x00000000efd00000,0x00000000f0280000)
 ParOldGen       total 36864K, used 9189K [0x00000000ca200000, 0x00000000cc600000, 0x00000000ee100000)
  object space 36864K, 24% used [0x00000000ca200000,0x00000000caaf9490,0x00000000cc600000)
 Metaspace       used 15174K, capacity 15350K, committed 15488K, reserved 1062912K
  class space    used 1763K, capacity 1843K, committed 1920K, reserved 1048576K
}
Event: 13.225 GC heap before
{Heap before GC invocations=7 (full 0):
 PSYoungGen      total 34304K, used 28593K [0x00000000ee100000, 0x00000000f0800000, 0x0000000100000000)
  eden space 28672K, 86% used [0x00000000ee100000,0x00000000ef947aa8,0x00000000efd00000)
  from space 5632K, 66% used [0x00000000f0280000,0x00000000f0624988,0x00000000f0800000)
  to   space 5632K, 0% used [0x00000000efd00000,0x00000000efd00000,0x00000000f0280000)
 ParOldGen       total 36864K, used 9189K [0x00000000ca200000, 0x00000000cc600000, 0x00000000ee100000)
  object space 36864K, 24% used [0x00000000ca200000,0x00000000caaf9490,0x00000000cc600000)
 Metaspace       used 20470K, capacity 20838K, committed 20992K, reserved 1067008K
  class space    used 2353K, capacity 2509K, committed 2560K, reserved 1048576K
Event: 13.243 GC heap after
Heap after GC invocations=7 (full 0):
 PSYoungGen      total 33792K, used 5602K [0x00000000ee100000, 0x00000000f0b80000, 0x0000000100000000)
  eden space 28160K, 0% used [0x00000000ee100000,0x00000000ee100000,0x00000000efc80000)
  from space 5632K, 99% used [0x00000000efd00000,0x00000000f0278b10,0x00000000f0280000)
  to   space 7680K, 0% used [0x00000000f0400000,0x00000000f0400000,0x00000000f0b80000)
 ParOldGen       total 36864K, used 11625K [0x00000000ca200000, 0x00000000cc600000, 0x00000000ee100000)
  object space 36864K, 31% used [0x00000000ca200000,0x00000000cad5a548,0x00000000cc600000)
 Metaspace       used 20470K, capacity 20838K, committed 20992K, reserved 1067008K
  class space    used 2353K, capacity 2509K, committed 2560K, reserved 1048576K
}

