# JRE version: OpenJDK Runtime Environment (8.0_111-b16) (build 1.8.0_111-b16)
# Java VM: OpenJDK 64-Bit Server VM (25.111-b16 mixed mode linux-amd64 compressed oops)
Heap:
 PSYoungGen      total 59392K, used 27332K [0x00000000ee100000, 0x00000000f1d00000, 0x0000000100000000)
  eden space 57344K, 44% used [0x00000000ee100000,0x00000000ef9b5210,0x00000000f1900000)
  from space 2048K, 99% used [0x00000000f1b00000,0x00000000f1cfc030,0x00000000f1d00000)
  to   space 2048K, 0% used [0x00000000f1900000,0x00000000f1900000,0x00000000f1b00000)
 ParOldGen       total 570368K, used 544314K [0x00000000ca200000, 0x00000000ecf00000, 0x00000000ee100000)
  object space 570368K, 95% used [0x00000000ca200000,0x00000000eb58e820,0x00000000ecf00000)
 Metaspace       used 20457K, capacity 20850K, committed 20992K, reserved 1067008K
  class space    used 2353K, capacity 2509K, committed 2560K, reserved 1048576K
GC Heap History (8 events):
Event: 0.436 GC heap before
{Heap before GC invocations=1 (full 0):
 PSYoungGen      total 16384K, used 14336K [0x00000000ee100000, 0x00000000ef300000, 0x0000000100000000)
  eden space 14336K, 100% used [0x00000000ee100000,0x00000000eef00000,0x00000000eef00000)
  from space 2048K, 0% used [0x00000000ef100000,0x00000000ef100000,0x00000000ef300000)
  to   space 2048K, 0% used [0x00000000eef00000,0x00000000eef00000,0x00000000ef100000)
 ParOldGen       total 36864K, used 0K [0x00000000ca200000, 0x00000000cc600000, 0x00000000ee100000)
  object space 36864K, 0% used [0x00000000ca200000,0x00000000ca200000,0x00000000cc600000)
 Metaspace       used 7122K, capacity 7260K, committed 7552K, reserved 1056768K
  class space    used 770K, capacity 824K, committed 896K, reserved 1048576K
Event: 0.451 GC heap after
Heap after GC invocations=1 (full 0):
 PSYoungGen      total 16384K, used 2025K [0x00000000ee100000, 0x00000000f0100000, 0x0000000100000000)
  eden space 14336K, 0% used [0x00000000ee100000,0x00000000ee100000,0x00000000eef00000)
  from space 2048K, 98% used [0x00000000eef00000,0x00000000ef0fa6a0,0x00000000ef100000)
  to   space 2048K, 0% used [0x00000000eff00000,0x00000000eff00000,0x00000000f0100000)
 ParOldGen       total 36864K, used 1298K [0x00000000ca200000, 0x00000000cc600000, 0x00000000ee100000)
  object space 36864K, 3% used [0x00000000ca200000,0x00000000ca344b38,0x00000000cc600000)
 Metaspace       used 7122K, capacity 7260K, committed 7552K, reserved 1056768K
  class space    used 770K, capacity 824K, committed 896K, reserved 1048576K
}
Event: 0.726 GC heap before
{Heap before GC invocations=2 (full 0):
 PSYoungGen      total 16384K, used 16361K [0x00000000ee100000, 0x00000000f0100000, 0x0000000100000000)
  eden space 14336K, 100% used [0x00000000ee100000,0x00000000eef00000,0x00000000eef00000)
  from space 2048K, 98% used [0x00000000eef00000,0x00000000ef0fa6a0,0x00000000ef100000)
  to   space 2048K, 0% used [0x00000000eff00000,0x00000000eff00000,0x00000000f0100000)
 ParOldGen       total 36864K, used 1298K [0x00000000ca200000, 0x00000000cc600000, 0x00000000ee100000)
  object space 36864K, 3% used [0x00000000ca200000,0x00000000ca344b38,0x00000000cc600000)
 Metaspace       used 8255K, capacity 8412K, committed 8448K, reserved 1056768K
  class space    used 952K, capacity 1016K, committed 1024K, reserved 1048576K
Event: 0.731 GC heap after
Heap after GC invocations=2 (full 0):
 PSYoungGen      total 30720K, used 2020K [0x00000000ee100000, 0x00000000f0100000, 0x0000000100000000)
  eden space 28672K, 0% used [0x00000000ee100000,0x00000000ee100000,0x00000000efd00000)
  from space 2048K, 98% used [0x00000000eff00000,0x00000000f00f91e8,0x00000000f0100000)
  to   space 2048K, 0% used [0x00000000efd00000,0x00000000efd00000,0x00000000eff00000)
 ParOldGen       total 36864K, used 1864K [0x00000000ca200000, 0x00000000cc600000, 0x00000000ee100000)
  object space 36864K, 5% used [0x00000000ca200000,0x00000000ca3d2000,0x00000000cc600000)
 Metaspace       used 8255K, capacity 8412K, committed 8448K, reserved 1056768K
  class space    used 952K, capacity 1016K, committed 1024K, reserved 1048576K
}
Event: 1.205 GC heap before
{Heap before GC invocations=3 (full 0):
 PSYoungGen      total 30720K, used 30692K [0x00000000ee100000, 0x00000000f0100000, 0x0000000100000000)
  eden space 28672K, 100% used [0x00000000ee100000,0x00000000efd00000,0x00000000efd00000)
  from space 2048K, 98% used [0x00000000eff00000,0x00000000f00f91e8,0x00000000f0100000)
  to   space 2048K, 0% used [0x00000000efd00000,0x00000000efd00000,0x00000000eff00000)
 ParOldGen       total 36864K, used 1864K [0x00000000ca200000, 0x00000000cc600000, 0x00000000ee100000)
  object space 36864K, 5% used [0x00000000ca200000,0x00000000ca3d2000,0x00000000cc600000)
 Metaspace       used 12043K, capacity 12200K, committed 12288K, reserved 1060864K
  class space    used 1434K, capacity 1508K, committed 1536K, reserved 1048576K
Event: 1.221 GC heap after
Heap after GC invocations=3 (full 0):
 PSYoungGen      total 30720K, used 2016K [0x00000000ee100000, 0x00000000f1d00000, 0x0000000100000000)
  eden space 28672K, 0% used [0x00000000ee100000,0x00000000ee100000,0x00000000efd00000)
  from space 2048K, 98% used [0x00000000efd00000,0x00000000efef8040,0x00000000eff00000)
  to   space 2048K, 0% used [0x00000000f1b00000,0x00000000f1b00000,0x00000000f1d00000)
 ParOldGen       total 36864K, used 6711K [0x00000000ca200000, 0x00000000cc600000, 0x00000000ee100000)
  object space 36864K, 18% used [0x00000000ca200000,0x00000000ca88dd08,0x00000000cc600000)
 Metaspace       used 12043K, capacity 12200K, committed 12288K, reserved 1060864K
  class space    used 1434K, capacity 1508K, committed 1536K, reserved 1048576K
}
Event: 1.983 GC heap before
{Heap before GC invocations=4 (full 0):
 PSYoungGen      total 30720K, used 30688K [0x00000000ee100000, 0x00000000f1d00000, 0x0000000100000000)
  eden space 28672K, 100% used [0x00000000ee100000,0x00000000efd00000,0x00000000efd00000)
  from space 2048K, 98% used [0x00000000efd00000,0x00000000efef8040,0x00000000eff00000)
  to   space 2048K, 0% used [0x00000000f1b00000,0x00000000f1b00000,0x00000000f1d00000)
 ParOldGen       total 36864K, used 6711K [0x00000000ca200000, 0x00000000cc600000, 0x00000000ee100000)
  object space 36864K, 18% used [0x00000000ca200000,0x00000000ca88dd08,0x00000000cc600000)
 Metaspace       used 15163K, capacity 15362K, committed 15488K, reserved 1062912K
  class space    used 1763K, capacity 1843K, committed 1920K, reserved 1048576K
Event: 1.997 GC heap after
Heap after GC invocations=4 (full 0):
 PSYoungGen      total 59392K, used 2032K [0x00000000ee100000, 0x00000000f1d00000, 0x0000000100000000)
  eden space 57344K, 0% used [0x00000000ee100000,0x00000000ee100000,0x00000000f1900000)
  from space 2048K, 99% used [0x00000000f1b00000,0x00000000f1cfc030,0x00000000f1d00000)
  to   space 2048K, 0% used [0x00000000f1900000,0x00000000f1900000,0x00000000f1b00000)
 ParOldGen       total 36864K, used 10868K [0x00000000ca200000, 0x00000000cc600000, 0x00000000ee100000)
  object space 36864K, 29% used [0x00000000ca200000,0x00000000cac9d2d8,0x00000000cc600000)
 Metaspace       used 15163K, capacity 15362K, committed 15488K, reserved 1062912K
  class space    used 1763K, capacity 1843K, committed 1920K, reserved 1048576K
}

